<?xml version="1.0" encoding="UTF-8"?>
<!-- Generated by org.testng.reporters.JUnitXMLReporter -->
<testsuite ignored="0" hostname="venkateswarlus-MacBook-Air.local" failures="1" tests="3" name="Test" time="7.982" errors="0" timestamp="2023-09-27T20:37:42 IST">
  <testcase classname="DemoPractice.ListenersDemos" name="loginDemo" time="7.755"/>
  <testcase classname="DemoPractice.ListenersDemos" name="testFail" time="0.015">
    <failure type="java.lang.AssertionError">
      <![CDATA[java.lang.AssertionError: 
at DemoPractice.ListenersDemos.testFail(ListenersDemos.java:52)
at java.base/java.util.ArrayList.forEach(ArrayList.java:1511)
... Removed 28 stack frames]]>
    </failure>
  </testcase> <!-- testFail -->
  <testcase classname="DemoPractice.ListenersDemos" name="testSkipped" time="0.032">
    <skipped/>
  </testcase> <!-- testSkipped -->
</testsuite> <!-- Test -->
